# JRE version: OpenJDK Runtime Environment (16.0.1+9) (build 16.0.1+9-24)
# Java VM: OpenJDK 64-Bit Server VM (16.0.1+9-24, mixed mode, sharing, tiered, compressed oops, compressed class ptrs, g1 gc, windows-amd64)
GC Precious Log:
 CPUs: 4 total, 4 available
 Memory: 3971M
 Large Page Support: Disabled
 NUMA Support: Disabled
 Compressed Oops: Enabled (32-bit)
 Heap Region Size: 1M
 Heap Min Capacity: 8M
 Heap Initial Capacity: 64M
 Heap Max Capacity: 994M
 Pre-touch: Disabled
 Parallel Workers: 4
 Concurrent Workers: 1
 Concurrent Refinement Workers: 4
 Periodic GC: Disabled
Heap:
 garbage-first heap   total 65536K, used 43965K [0x00000000c1e00000, 0x0000000100000000)
  region size 1024K, 37 young (37888K), 2 survivors (2048K)
 Metaspace       used 19546K, committed 19840K, reserved 1073152K
  class space    used 2326K, committed 2432K, reserved 1048576K
GC Heap History (10 events):
Event: 1.803 GC heap before
{Heap before GC invocations=0 (full 0):
 garbage-first heap   total 65536K, used 13312K [0x00000000c1e00000, 0x0000000100000000)
  region size 1024K, 13 young (13312K), 0 survivors (0K)
 Metaspace       used 3269K, committed 3392K, reserved 1056768K
  class space    used 281K, committed 320K, reserved 1048576K
}
Event: 1.822 GC heap after
{Heap after GC invocations=1 (full 0):
 garbage-first heap   total 65536K, used 6709K [0x00000000c1e00000, 0x0000000100000000)
  region size 1024K, 2 young (2048K), 2 survivors (2048K)
 Metaspace       used 3269K, committed 3392K, reserved 1056768K
  class space    used 281K, committed 320K, reserved 1048576K
}
Event: 2.324 GC heap before
{Heap before GC invocations=1 (full 0):
 garbage-first heap   total 65536K, used 13877K [0x00000000c1e00000, 0x0000000100000000)
  region size 1024K, 10 young (10240K), 2 survivors (2048K)
 Metaspace       used 5067K, committed 5248K, reserved 1056768K
  class space    used 510K, committed 576K, reserved 1048576K
}
Event: 2.329 GC heap after
{Heap after GC invocations=2 (full 0):
 garbage-first heap   total 65536K, used 7255K [0x00000000c1e00000, 0x0000000100000000)
  region size 1024K, 1 young (1024K), 1 survivors (1024K)
 Metaspace       used 5067K, committed 5248K, reserved 1056768K
  class space    used 510K, committed 576K, reserved 1048576K
}
Event: 3.788 GC heap before
{Heap before GC invocations=2 (full 0):
 garbage-first heap   total 65536K, used 27735K [0x00000000c1e00000, 0x0000000100000000)
  region size 1024K, 22 young (22528K), 1 survivors (1024K)
 Metaspace       used 9585K, committed 9856K, reserved 1064960K
  class space    used 1143K, committed 1280K, reserved 1048576K
}
Event: 3.792 GC heap after
{Heap after GC invocations=3 (full 0):
 garbage-first heap   total 65536K, used 8626K [0x00000000c1e00000, 0x0000000100000000)
  region size 1024K, 2 young (2048K), 2 survivors (2048K)
 Metaspace       used 9585K, committed 9856K, reserved 1064960K
  class space    used 1143K, committed 1280K, reserved 1048576K
}
Event: 4.822 GC heap before
{Heap before GC invocations=3 (full 0):
 garbage-first heap   total 65536K, used 39346K [0x00000000c1e00000, 0x0000000100000000)
  region size 1024K, 33 young (33792K), 2 survivors (2048K)
 Metaspace       used 15800K, committed 16064K, reserved 1064960K
  class space    used 1893K, committed 2048K, reserved 1048576K
}
Event: 4.827 GC heap after
{Heap after GC invocations=4 (full 0):
 garbage-first heap   total 65536K, used 9936K [0x00000000c1e00000, 0x0000000100000000)
  region size 1024K, 4 young (4096K), 4 survivors (4096K)
 Metaspace       used 15800K, committed 16064K, reserved 1064960K
  class space    used 1893K, committed 2048K, reserved 1048576K
}
Event: 4.843 GC heap before
{Heap before GC invocations=4 (full 0):
 garbage-first heap   total 65536K, used 42704K [0x00000000c1e00000, 0x0000000100000000)
  region size 1024K, 37 young (37888K), 4 survivors (4096K)
 Metaspace       used 15817K, committed 16128K, reserved 1064960K
  class space    used 1895K, committed 2048K, reserved 1048576K
}
Event: 4.848 GC heap after
{Heap after GC invocations=5 (full 0):
 garbage-first heap   total 65536K, used 10173K [0x00000000c1e00000, 0x0000000100000000)
  region size 1024K, 2 young (2048K), 2 survivors (2048K)
 Metaspace       used 15817K, committed 16128K, reserved 1064960K
  class space    used 1895K, committed 2048K, reserved 1048576K
}

